  Circle.cpp
  Error.cpp
D:\Users\loick\Documents\PPIL-project\src\PPIL-Core\PPIL-Core\Error.cpp(4,1): warning C5043: 'Error::Error' : la spécification d'exception ne correspond pas à la déclaration précédente
D:\Users\loick\Documents\PPIL-project\src\PPIL-Core\PPIL-Core\Error.h(16): message : voir la déclaration de 'Error::Error'
  Form.cpp
  Form1D.cpp
  Form2D.cpp
  FormND.cpp
D:\Users\loick\Documents\PPIL-project\src\PPIL-Core\PPIL-Core\FormND.cpp(15,33): warning C4267: 'initialisation' : conversion de 'size_t' en 'int', perte possible de données
  main.cpp
  Marking.cpp
  Point.cpp
  Polygon.cpp
D:\Users\loick\Documents\PPIL-project\src\PPIL-Core\PPIL-Core\Polygon.cpp(19,42): warning C4267: 'initialisation' : conversion de 'size_t' en 'int', perte possible de données
  PolygonIrregular.cpp
  PolygonRegular.cpp
  Segment.cpp
  Square.cpp
  Génération de code en cours...
  PPIL-Core.vcxproj -> D:\Users\loick\Documents\PPIL-project\src\PPIL-Core\x64\Debug\PPIL-Core.exe
