d:\users\loick\documents\ppil-project\src\ppil-core\ppil-core\x64\debug\vc142.pdb
d:\users\loick\documents\ppil-project\src\ppil-core\ppil-core\x64\debug\vc142.idb
d:\users\loick\documents\ppil-project\src\ppil-core\ppil-core\x64\debug\vsavebytxt.obj
d:\users\loick\documents\ppil-project\src\ppil-core\ppil-core\x64\debug\vreaddetector.obj
d:\users\loick\documents\ppil-project\src\ppil-core\ppil-core\x64\debug\vreadbytxt.obj
d:\users\loick\documents\ppil-project\src\ppil-core\ppil-core\x64\debug\vread.obj
d:\users\loick\documents\ppil-project\src\ppil-core\ppil-core\x64\debug\segment.obj
d:\users\loick\documents\ppil-project\src\ppil-core\ppil-core\x64\debug\polygonregular.obj
d:\users\loick\documents\ppil-project\src\ppil-core\ppil-core\x64\debug\vecteur2d.obj
d:\users\loick\documents\ppil-project\src\ppil-core\ppil-core\x64\debug\vdrawbyjavafx.obj
d:\users\loick\documents\ppil-project\src\ppil-core\ppil-core\x64\debug\txtsegment.obj
d:\users\loick\documents\ppil-project\src\ppil-core\ppil-core\x64\debug\txtgroupform.obj
d:\users\loick\documents\ppil-project\src\ppil-core\ppil-core\x64\debug\txtcircle.obj
d:\users\loick\documents\ppil-project\src\ppil-core\ppil-core\x64\debug\tdraw.obj
d:\users\loick\documents\ppil-project\src\ppil-core\ppil-core\x64\debug\polygonconvex.obj
d:\users\loick\documents\ppil-project\src\ppil-core\ppil-core\x64\debug\matrix22.obj
d:\users\loick\documents\ppil-project\src\ppil-core\ppil-core\x64\debug\groupform.obj
d:\users\loick\documents\ppil-project\src\ppil-core\ppil-core\x64\debug\form.obj
d:\users\loick\documents\ppil-project\src\ppil-core\ppil-core\x64\debug\color.obj
d:\users\loick\documents\ppil-project\src\ppil-core\ppil-core\x64\debug\circle.obj
d:\users\loick\documents\ppil-project\src\ppil-core\ppil-core\x64\debug\polygon.obj
d:\users\loick\documents\ppil-project\src\ppil-core\ppil-core\x64\debug\initializesocket.obj
d:\users\loick\documents\ppil-project\src\ppil-core\x64\debug\ppil-core.exe
d:\users\loick\documents\ppil-project\src\ppil-core\x64\debug\ppil-core.ilk
d:\users\loick\documents\ppil-project\src\ppil-core\x64\debug\ppil-core.pdb
d:\users\loick\documents\ppil-project\src\ppil-core\ppil-core\x64\debug\ppil-core.tlog\cl.command.1.tlog
d:\users\loick\documents\ppil-project\src\ppil-core\ppil-core\x64\debug\ppil-core.tlog\cl.read.1.tlog
d:\users\loick\documents\ppil-project\src\ppil-core\ppil-core\x64\debug\ppil-core.tlog\cl.write.1.tlog
d:\users\loick\documents\ppil-project\src\ppil-core\ppil-core\x64\debug\ppil-core.tlog\link.command.1.tlog
d:\users\loick\documents\ppil-project\src\ppil-core\ppil-core\x64\debug\ppil-core.tlog\link.read.1.tlog
d:\users\loick\documents\ppil-project\src\ppil-core\ppil-core\x64\debug\ppil-core.tlog\link.write.1.tlog
