d:\users\loick\documents\ppil-core\ppil-core\debug\vc142.pdb
d:\users\loick\documents\ppil-core\ppil-core\debug\vc142.idb
d:\users\loick\documents\ppil-core\ppil-core\debug\world.obj
d:\users\loick\documents\ppil-core\ppil-core\debug\segment.obj
d:\users\loick\documents\ppil-core\ppil-core\debug\polygonirregular.obj
d:\users\loick\documents\ppil-core\ppil-core\debug\vecteur2d.obj
d:\users\loick\documents\ppil-core\ppil-core\debug\polygonconvex.obj
d:\users\loick\documents\ppil-core\ppil-core\debug\groupform.obj
d:\users\loick\documents\ppil-core\ppil-core\debug\error.obj
d:\users\loick\documents\ppil-core\ppil-core\debug\circle.obj
d:\users\loick\documents\ppil-core\ppil-core\debug\polygonregular.obj
d:\users\loick\documents\ppil-core\ppil-core\debug\polygon.obj
d:\users\loick\documents\ppil-core\ppil-core\debug\marking.obj
d:\users\loick\documents\ppil-core\ppil-core\debug\form.obj
d:\users\loick\documents\ppil-core\ppil-core\debug\main.obj
d:\users\loick\documents\ppil-core\ppil-core\debug\vdrawbyjavafx.obj
d:\users\loick\documents\ppil-core\debug\ppil-core.exe
d:\users\loick\documents\ppil-core\debug\ppil-core.ilk
d:\users\loick\documents\ppil-core\debug\ppil-core.pdb
d:\users\loick\documents\ppil-core\ppil-core\debug\ppil-core.tlog\cl.command.1.tlog
d:\users\loick\documents\ppil-core\ppil-core\debug\ppil-core.tlog\cl.read.1.tlog
d:\users\loick\documents\ppil-core\ppil-core\debug\ppil-core.tlog\cl.write.1.tlog
d:\users\loick\documents\ppil-core\ppil-core\debug\ppil-core.tlog\link.command.1.tlog
d:\users\loick\documents\ppil-core\ppil-core\debug\ppil-core.tlog\link.read.1.tlog
d:\users\loick\documents\ppil-core\ppil-core\debug\ppil-core.tlog\link.write.1.tlog
